<?xml version="1.0" encoding="UTF-8"?>
<testng-results ignored="0" total="1" passed="1" failed="0" skipped="0">
  <reporter-output>
  </reporter-output>
  <suite started-at="2022-08-10T12:56:18 PDT" name="Default suite" finished-at="2022-08-10T12:56:38 PDT" duration-ms="20086">
    <groups>
    </groups>
    <test started-at="2022-08-10T12:56:18 PDT" name="Default test" finished-at="2022-08-10T12:56:38 PDT" duration-ms="20086">
      <class name="SeleniumAssignment.Selenium.TargetTest">
        <test-method signature="EbayTestCase()[pri:0, instance:SeleniumAssignment.Selenium.TargetTest@5339bbad]" started-at="2022-08-10T12:56:18 PDT" name="EbayTestCase" finished-at="2022-08-10T12:56:38 PDT" duration-ms="20016" status="PASS">
          <reporter-output>
          </reporter-output>
        </test-method> <!-- EbayTestCase -->
      </class> <!-- SeleniumAssignment.Selenium.TargetTest -->
    </test> <!-- Default test -->
  </suite> <!-- Default suite -->
</testng-results>
