<?xml version="1.0" encoding="UTF-8"?>
<!-- Generated by org.testng.reporters.JUnitXMLReporter -->
<testsuite ignored="0" hostname="Aldos-MacBook-Pro.local" failures="0" tests="1" name="Test" time="27.308" errors="0" timestamp="2022-08-18T16:21:30 PDT">
  <testcase classname="SeleniumAssignment.Aspiration.AspirationAssignment.AspirationTest" name="@AfterTest close" time="-1.660864890032E9">
    <failure type="org.testng.TestNGException" message="
Can inject only one of &amp;lt;ITestContext, XmlTest&amp;gt; into a @AfterTest annotated close.
For more information on native dependency injection please refer to https://testng.org/doc/documentation-main.html#native-dependency-injection">
      <![CDATA[org.testng.TestNGException: 
Can inject only one of <ITestContext, XmlTest> into a @AfterTest annotated close.
For more information on native dependency injection please refer to https://testng.org/doc/documentation-main.html#native-dependency-injection
... Removed 21 stack frames]]>
    </failure>
  </testcase> <!-- @AfterTest close -->
  <testcase classname="SeleniumAssignment.Aspiration.AspirationAssignment.AspirationTest" name="AspirationTestCase" time="27.222"/>
</testsuite> <!-- Test -->
